C:\Program Files\Microsoft Visual Studio\2022\Community\MSBuild\Microsoft\VC\v170\Microsoft.CppBuild.targets(516,5): warning MSB8004: Intermediate Directory does not end with a trailing slash.  This build instance will add the slash as it is required to allow proper evaluation of the Intermediate Directory.
C:\Program Files\Microsoft Visual Studio\2022\Community\MSBuild\Microsoft\VC\v170\Microsoft.CppBuild.targets(517,5): warning MSB8004: Output Directory does not end with a trailing slash.  This build instance will add the slash as it is required to allow proper evaluation of the Output Directory.
  constants.cpp
C:\Users\luisg\codes\its not hack utils\ACDll\src\geom.h(27,30): warning C4244: '=': conversion from 'double' to 'float', possible loss of data
  (compiling source file 'src/constants.cpp')
  
C:\Users\luisg\codes\its not hack utils\ACDll\src\geom.h(27,43): warning C4244: '=': conversion from 'double' to 'float', possible loss of data
  (compiling source file 'src/constants.cpp')
  
C:\Users\luisg\codes\its not hack utils\ACDll\src\geom.h(27,56): warning C4244: '=': conversion from 'double' to 'float', possible loss of data
  (compiling source file 'src/constants.cpp')
  
  dllmain.cpp
  esp.cpp
C:\Users\luisg\codes\its not hack utils\ACDll\src\geom.h(27,30): warning C4244: '=': conversion from 'double' to 'float', possible loss of data
  (compiling source file 'src/esp.cpp')
  
C:\Users\luisg\codes\its not hack utils\ACDll\src\geom.h(27,43): warning C4244: '=': conversion from 'double' to 'float', possible loss of data
  (compiling source file 'src/esp.cpp')
  
C:\Users\luisg\codes\its not hack utils\ACDll\src\geom.h(27,56): warning C4244: '=': conversion from 'double' to 'float', possible loss of data
  (compiling source file 'src/esp.cpp')
  
  geom.cpp
C:\Users\luisg\codes\its not hack utils\ACDll\src\geom.h(27,30): warning C4244: '=': conversion from 'double' to 'float', possible loss of data
  (compiling source file 'src/geom.cpp')
  
C:\Users\luisg\codes\its not hack utils\ACDll\src\geom.h(27,43): warning C4244: '=': conversion from 'double' to 'float', possible loss of data
  (compiling source file 'src/geom.cpp')
  
C:\Users\luisg\codes\its not hack utils\ACDll\src\geom.h(27,56): warning C4244: '=': conversion from 'double' to 'float', possible loss of data
  (compiling source file 'src/geom.cpp')
  
C:\Users\luisg\codes\its not hack utils\ACDll\src\geom.cpp(25,44): warning C4244: '=': conversion from 'double' to 'float', possible loss of data
C:\Users\luisg\codes\its not hack utils\ACDll\src\geom.cpp(26,46): warning C4244: '=': conversion from 'double' to 'float', possible loss of data
  Generating Code...
C:\Users\luisg\codes\its not hack utils\ACDll\src\geom.cpp(46,1): warning C4715: 'WorldToScreen': not all control paths return a value
  ACDll.vcxproj -> C:\Users\luisg\codes\its not hack utils\ACDll\build\ACDll.dll
  'pwsh.exe' is not recognized as an internal or external command,
  operable program or batch file.
